<?xml version="1.0" encoding="UTF-8"?>
<testng-results skipped="0" failed="0" total="1" passed="1">
  <reporter-output>
  </reporter-output>
  <suite name="Suite" duration-ms="10515" started-at="2021-01-09T17:47:23Z" finished-at="2021-01-09T17:47:34Z">
    <groups>
    </groups>
    <test name="Test" duration-ms="10515" started-at="2021-01-09T17:47:23Z" finished-at="2021-01-09T17:47:34Z">
      <class name="com.web.Pratice.AppTest">
        <test-method status="PASS" signature="beforetest()[pri:0, instance:com.web.Pratice.AppTest@1fbc7afb]" name="beforetest" is-config="true" duration-ms="1071" started-at="2021-01-09T23:17:23Z" finished-at="2021-01-09T23:17:24Z">
          <reporter-output>
          </reporter-output>
        </test-method> <!-- beforetest -->
        <test-method status="PASS" signature="m1()[pri:0, instance:com.web.Pratice.AppTest@1fbc7afb]" name="m1" duration-ms="8632" started-at="2021-01-09T23:17:24Z" finished-at="2021-01-09T23:17:33Z">
          <reporter-output>
          </reporter-output>
        </test-method> <!-- m1 -->
        <test-method status="PASS" signature="afterTest()[pri:0, instance:com.web.Pratice.AppTest@1fbc7afb]" name="afterTest" is-config="true" duration-ms="799" started-at="2021-01-09T23:17:33Z" finished-at="2021-01-09T23:17:34Z">
          <reporter-output>
          </reporter-output>
        </test-method> <!-- afterTest -->
      </class> <!-- com.web.Pratice.AppTest -->
    </test> <!-- Test -->
  </suite> <!-- Suite -->
</testng-results>
